[2025-11-27T12:58:36.806+0000] {local_task_job_runner.py:120} INFO - ::group::Pre task execution logs
[2025-11-27T12:58:36.879+0000] {taskinstance.py:2076} INFO - Dependencies all met for dep_context=non-requeueable deps ti=<TaskInstance: streaming_pipeline_monitoring.validate_postgres scheduled__2025-11-27T12:40:00+00:00 [queued]>
[2025-11-27T12:58:36.979+0000] {taskinstance.py:2076} INFO - Dependencies all met for dep_context=requeueable deps ti=<TaskInstance: streaming_pipeline_monitoring.validate_postgres scheduled__2025-11-27T12:40:00+00:00 [queued]>
[2025-11-27T12:58:36.981+0000] {taskinstance.py:2306} INFO - Starting attempt 3 of 3
[2025-11-27T12:58:37.093+0000] {taskinstance.py:2330} INFO - Executing <Task(PythonOperator): validate_postgres> on 2025-11-27 12:40:00+00:00
[2025-11-27T12:58:37.101+0000] {standard_task_runner.py:63} INFO - Started process 47 to run task
[2025-11-27T12:58:37.110+0000] {standard_task_runner.py:90} INFO - Running: ['airflow', 'tasks', 'run', 'streaming_pipeline_monitoring', 'validate_postgres', 'scheduled__2025-11-27T12:40:00+00:00', '--job-id', '1248', '--raw', '--subdir', 'DAGS_FOLDER/streaming_pipeline_dag.py', '--cfg-path', '/tmp/tmpn935pnh3']
[2025-11-27T12:58:37.115+0000] {standard_task_runner.py:91} INFO - Job 1248: Subtask validate_postgres
[2025-11-27T12:58:37.380+0000] {task_command.py:426} INFO - Running <TaskInstance: streaming_pipeline_monitoring.validate_postgres scheduled__2025-11-27T12:40:00+00:00 [running]> on host 824c24f37451
[2025-11-27T12:58:37.671+0000] {taskinstance.py:2648} INFO - Exporting env vars: AIRFLOW_CTX_DAG_OWNER='airflow' AIRFLOW_CTX_DAG_ID='streaming_pipeline_monitoring' AIRFLOW_CTX_TASK_ID='validate_postgres' AIRFLOW_CTX_EXECUTION_DATE='2025-11-27T12:40:00+00:00' AIRFLOW_CTX_TRY_NUMBER='3' AIRFLOW_CTX_DAG_RUN_ID='scheduled__2025-11-27T12:40:00+00:00'
[2025-11-27T12:58:37.673+0000] {taskinstance.py:430} INFO - ::endgroup::
[2025-11-27T12:58:37.826+0000] {logging_mixin.py:188} INFO - âœ— Erreur PostgreSQL: 'utf-8' codec can't decode byte 0xe9 in position 125: invalid continuation byte
[2025-11-27T12:58:37.826+0000] {taskinstance.py:441} INFO - ::group::Post task execution logs
[2025-11-27T12:58:37.827+0000] {taskinstance.py:2905} ERROR - Task failed with exception
Traceback (most recent call last):
  File "/usr/local/lib/python3.11/site-packages/airflow/models/taskinstance.py", line 465, in _execute_task
    result = _execute_callable(context=context, **execute_callable_kwargs)
             ^^^^^^^^^^^^^^^^^^^^^^^^^^^^^^^^^^^^^^^^^^^^^^^^^^^^^^^^^^^^^
  File "/usr/local/lib/python3.11/site-packages/airflow/models/taskinstance.py", line 432, in _execute_callable
    return execute_callable(context=context, **execute_callable_kwargs)
           ^^^^^^^^^^^^^^^^^^^^^^^^^^^^^^^^^^^^^^^^^^^^^^^^^^^^^^^^^^^^
  File "/usr/local/lib/python3.11/site-packages/airflow/models/baseoperator.py", line 400, in wrapper
    return func(self, *args, **kwargs)
           ^^^^^^^^^^^^^^^^^^^^^^^^^^^
  File "/usr/local/lib/python3.11/site-packages/airflow/operators/python.py", line 235, in execute
    return_value = self.execute_callable()
                   ^^^^^^^^^^^^^^^^^^^^^^^
  File "/usr/local/lib/python3.11/site-packages/airflow/operators/python.py", line 252, in execute_callable
    return self.python_callable(*self.op_args, **self.op_kwargs)
           ^^^^^^^^^^^^^^^^^^^^^^^^^^^^^^^^^^^^^^^^^^^^^^^^^^^^^
  File "/src/airflow/dags/streaming_pipeline_dag.py", line 46, in validate_postgres_data
    conn = psycopg2.connect(
           ^^^^^^^^^^^^^^^^^
  File "/usr/local/lib/python3.11/site-packages/psycopg2/__init__.py", line 122, in connect
    conn = _connect(dsn, connection_factory=connection_factory, **kwasync)
           ^^^^^^^^^^^^^^^^^^^^^^^^^^^^^^^^^^^^^^^^^^^^^^^^^^^^^^^^^^^^^^^
UnicodeDecodeError: 'utf-8' codec can't decode byte 0xe9 in position 125: invalid continuation byte
[2025-11-27T12:58:37.963+0000] {taskinstance.py:1206} INFO - Marking task as FAILED. dag_id=streaming_pipeline_monitoring, task_id=validate_postgres, run_id=scheduled__2025-11-27T12:40:00+00:00, execution_date=20251127T124000, start_date=20251127T125836, end_date=20251127T125837
[2025-11-27T12:58:38.090+0000] {standard_task_runner.py:110} ERROR - Failed to execute job 1248 for task validate_postgres ('utf-8' codec can't decode byte 0xe9 in position 125: invalid continuation byte; 47)
[2025-11-27T12:58:38.100+0000] {local_task_job_runner.py:240} INFO - Task exited with return code 1
[2025-11-27T12:58:38.155+0000] {taskinstance.py:3498} INFO - 0 downstream tasks scheduled from follow-on schedule check
[2025-11-27T12:58:38.215+0000] {local_task_job_runner.py:222} INFO - ::endgroup::
